<?xml version="1.0" encoding="utf-8"?><testsuites><testsuite name="pytest" errors="0" failures="0" skipped="1" tests="10" time="25.121" timestamp="2026-03-18T11:48:30.712789" hostname="53ff5a8b5754"><testcase classname="test_qemu_sil.TestQEMUBoot" name="test_mcu_boots" time="2.344" /><testcase classname="test_qemu_sil.TestQEMUBoot" name="test_gateway_boots" time="0.001" /><testcase classname="test_qemu_sil.TestTCPConnectivity" name="test_mcu_cmd_port_accessible" time="0.001" /><testcase classname="test_qemu_sil.TestTCPConnectivity" name="test_gateway_telemetry_port" time="0.001" /><testcase classname="test_qemu_sil.TestTCPConnectivity" name="test_gateway_diagnostics_port" time="0.001" /><testcase classname="test_qemu_sil.TestProtocolCommunication" name="test_actuator_command_to_mcu" time="3.504" /><testcase classname="test_qemu_sil.TestProtocolCommunication" name="test_diagnostics_text_command" time="6.006"><skipped type="pytest.xfail" message="QEMU aarch64 user-mode has known epoll emulation limitations. The gateway's epoll_wait never fires for accepted diag client fd, so process_diag_data is never called and no response is sent. Diagnostic response path is validated by native e2e tests (Phase 6/7)." /></testcase><testcase classname="test_qemu_sil.TestDataFlow" name="test_mcu_telemetry_connection" time="2.001" /><testcase classname="test_qemu_sil.TestSystemStability" name="test_processes_still_running" time="1.001" /><testcase classname="test_qemu_sil.TestSystemStability" name="test_sequential_connections" time="10.210" /></testsuite></testsuites>